MyTimetable/app/build/intermediates/manifest_merge_blame_file/debug/manifest-merger-blame-debug-report.txt
1<?xml version="1.0" encoding="utf-8"?>
2<manifest xmlns:android="http://schemas.android.com/apk/res/android"
3    package="com.example.mytimetable"
4    android:versionCode="1"
5    android:versionName="1.0" >
6
7    <uses-sdk
8        android:minSdkVersion="26"
8-->src\main\AndroidManifest.xml
9        android:targetSdkVersion="30" />
9-->src\main\AndroidManifest.xml
10
11    <application
11-->src\main\AndroidManifest.xml:5:5-27:19
12        android:allowBackup="true"
12-->src\main\AndroidManifest.xml:6:9-35
13        android:appComponentFactory="androidx.core.app.CoreComponentFactory"
13-->[androidx.core:core:1.3.1] AndroidManifest.xml:24:18-86
14        android:debuggable="true"
15        android:extractNativeLibs="false"
16        android:icon="@mipmap/ic_launcher"
16-->src\main\AndroidManifest.xml:7:9-43
17        android:label="@string/app_name"
17-->src\main\AndroidManifest.xml:8:9-41
18        android:roundIcon="@mipmap/ic_launcher_round"
18-->src\main\AndroidManifest.xml:9:9-54
19        android:supportsRtl="true"
19-->src\main\AndroidManifest.xml:10:9-35
20        android:testOnly="true"
21        android:theme="@style/Theme.MyTimetable" >
21-->src\main\AndroidManifest.xml:11:9-49
22        <activity android:name="com.example.mytimetable.activity_edit_delete" />
22-->src\main\AndroidManifest.xml:12:9-67
22-->src\main\AndroidManifest.xml:12:19-55
23        <activity android:name="com.example.mytimetable.MainActivity" >
23-->src\main\AndroidManifest.xml:13:9-19:20
23-->src\main\AndroidManifest.xml:13:19-47
24            <intent-filter>
24-->src\main\AndroidManifest.xml:14:13-18:29
25                <action android:name="android.intent.action.MAIN" />
25-->src\main\AndroidManifest.xml:15:17-69
25-->src\main\AndroidManifest.xml:15:25-66
26
27                <category android:name="android.intent.category.LAUNCHER" />
27-->src\main\AndroidManifest.xml:17:17-77
27-->src\main\AndroidManifest.xml:17:27-74
28            </intent-filter>
29        </activity>
30        <activity android:name="com.example.mytimetable.today_timetable" />
30-->src\main\AndroidManifest.xml:20:9-53
30-->src\main\AndroidManifest.xml:20:19-50
31        <activity android:name="com.example.mytimetable.register" />
31-->src\main\AndroidManifest.xml:21:9-46
31-->src\main\AndroidManifest.xml:21:19-43
32        <activity android:name="com.example.mytimetable.add" />
32-->src\main\AndroidManifest.xml:22:9-41
32-->src\main\AndroidManifest.xml:22:19-38
33
34        <meta-data
34-->src\main\AndroidManifest.xml:24:9-26:57
35            android:name="preloaded_fonts"
35-->src\main\AndroidManifest.xml:25:13-43
36            android:resource="@array/preloaded_fonts" />
36-->src\main\AndroidManifest.xml:26:13-54
37    </application>
38
39</manifest>